<?xml version="1.0" encoding="UTF-8"?>
<!-- Generated by org.testng.reporters.JUnitReportReporter -->
<testsuite hostname="EC2AMAZ-S11DBRH" failures="0" tests="2" name="runners.MyTestRunner" time="5.042" errors="0" timestamp="2023-12-19T06:54:21 GMT" skipped="0">
  <testcase classname="runners.MyTestRunner" name="runScenario" time="3.886"/>
  <system-out/>
  <testcase classname="runners.MyTestRunner" name="runScenario" time="1.156"/>
  <system-out/>
</testsuite> <!-- runners.MyTestRunner -->
